<?xml version="1.0" encoding="UTF-8"?>
<testng-results ignored="0" total="1" passed="1" failed="0" skipped="0">
  <reporter-output>
  </reporter-output>
  <suite started-at="2021-06-08T22:31:41 CDT" name="Regression Suite" finished-at="2021-06-08T22:31:41 CDT" duration-ms="67">
    <groups>
    </groups>
    <test started-at="2021-06-08T22:31:41 CDT" name="WelcomeTest" finished-at="2021-06-08T22:31:41 CDT" duration-ms="67">
      <class name="com.Facebook.Rough.Welcom">
        <test-method signature="welcomeTest()[pri:0, instance:com.Facebook.Rough.Welcom@3bbc39f8]" started-at="2021-06-08T22:31:41 CDT" name="welcomeTest" finished-at="2021-06-08T22:31:41 CDT" duration-ms="18" status="PASS">
          <reporter-output>
          </reporter-output>
        </test-method> <!-- welcomeTest -->
      </class> <!-- com.Facebook.Rough.Welcom -->
    </test> <!-- WelcomeTest -->
  </suite> <!-- Regression Suite -->
</testng-results>
